Log file open, 08/30/18 11:45:21
LogWindows: Failed to load 'aqProf.dll' (GetLastError=126)
LogWindows: File 'aqProf.dll' does not exist
LogWindows: Failed to load 'VSPerf140.dll' (GetLastError=126)
LogWindows: File 'VSPerf140.dll' does not exist
LogWindows: Failed to load 'VtuneApi.dll' (GetLastError=126)
LogWindows: File 'VtuneApi.dll' does not exist
LogWindows: Failed to load 'VtuneApi32e.dll' (GetLastError=126)
LogWindows: File 'VtuneApi32e.dll' does not exist
LogInit: Display: Running engine for game: MyProject
LogPlatformFile: Not using cached read wrapper
LogTaskGraph: Started task graph with 5 named threads and 14 total threads with 3 sets of task threads.
LogStats: Stats thread started at 0.933569
LogD3D11RHI: Loaded GFSDK_Aftermath_Lib.x64.dll
LogICUInternationalization: Display: ICU TimeZone Detection - Raw Offset: +3:30, Platform Override: ''
LogPluginManager: Mounting plugin Paper2D
LogPluginManager: Mounting plugin AISupport
LogPluginManager: Mounting plugin LightPropagationVolume
LogPluginManager: Mounting plugin CLionSourceCodeAccess
LogPluginManager: Mounting plugin CodeLiteSourceCodeAccess
LogPluginManager: Mounting plugin GitSourceControl
LogPluginManager: Mounting plugin KDevelopSourceCodeAccess
LogPluginManager: Mounting plugin NullSourceCodeAccess
LogPluginManager: Mounting plugin PerforceSourceControl
LogPluginManager: Mounting plugin SubversionSourceControl
LogPluginManager: Mounting plugin UObjectPlugin
LogPluginManager: Mounting plugin VisualStudioCodeSourceCodeAccess
LogPluginManager: Mounting plugin VisualStudioSourceCodeAccess
LogPluginManager: Mounting plugin XCodeSourceCodeAccess
LogPluginManager: Mounting plugin AssetManagerEditor
LogPluginManager: Mounting plugin CryptoKeys
LogPluginManager: Mounting plugin DataValidation
LogPluginManager: Mounting plugin FacialAnimation
LogPluginManager: Mounting plugin GameplayTagsEditor
LogPluginManager: Mounting plugin MacGraphicsSwitching
LogPluginManager: Mounting plugin MeshEditor
LogPluginManager: Mounting plugin MobileLauncherProfileWizard
LogPluginManager: Mounting plugin PluginBrowser
LogPluginManager: Mounting plugin SpeedTreeImporter
LogPluginManager: Mounting plugin DatasmithContent
LogPluginManager: Mounting plugin AlembicImporter
LogPluginManager: Mounting plugin AppleImageUtils
LogPluginManager: Mounting plugin AppleVision
LogPluginManager: Mounting plugin BackChannel
LogPluginManager: Mounting plugin CharacterAI
LogPluginManager: Mounting plugin GeometryCache
LogPluginManager: Mounting plugin HTML5Networking
LogPluginManager: Mounting plugin ProxyLODPlugin
LogPluginManager: Mounting plugin MagicLeap
LogPluginManager: Mounting plugin MagicLeapEmulator
LogPluginManager: Mounting plugin MagicLeapMedia
LogPluginManager: Mounting plugin AndroidMedia
LogPluginManager: Mounting plugin AvfMedia
LogPluginManager: Mounting plugin ImgMedia
LogPluginManager: Mounting plugin LinearTimecode
LogPluginManager: Mounting plugin MediaCompositing
LogPluginManager: Mounting plugin MediaPlayerEditor
LogPluginManager: Mounting plugin WmfMedia
LogPluginManager: Mounting plugin TcpMessaging
LogPluginManager: Mounting plugin UdpMessaging
LogPluginManager: Mounting plugin ActorSequence
LogPluginManager: Mounting plugin LevelSequenceEditor
LogPluginManager: Mounting plugin MatineeToLevelSequence
LogPluginManager: Mounting plugin NetcodeUnitTest
LogPluginManager: Mounting plugin NUTUnrealEngine4
LogPluginManager: Mounting plugin OnlineSubsystemGooglePlay
LogPluginManager: Mounting plugin OnlineSubsystemIOS
LogPluginManager: Mounting plugin OnlineSubsystem
LogPluginManager: Mounting plugin OnlineSubsystemNull
LogPluginManager: Mounting plugin OnlineSubsystemUtils
LogPluginManager: Mounting plugin LauncherChunkInstaller
LogPluginManager: Mounting plugin AndroidDeviceProfileSelector
LogPluginManager: Mounting plugin AndroidMoviePlayer
LogPluginManager: Mounting plugin AndroidPermission
LogPluginManager: Mounting plugin ApexDestruction
LogPluginManager: Mounting plugin AppleMoviePlayer
LogPluginManager: Mounting plugin ArchVisCharacter
LogPluginManager: Mounting plugin AudioCapture
LogPluginManager: Mounting plugin CableComponent
LogPluginManager: Mounting plugin CustomMeshComponent
LogPluginManager: Mounting plugin EditableMesh
LogPluginManager: Mounting plugin ExampleDeviceProfileSelector
LogPluginManager: Mounting plugin GoogleCloudMessaging
LogPluginManager: Mounting plugin ImmediatePhysics
LogPluginManager: Mounting plugin IOSDeviceProfileSelector
LogPluginManager: Mounting plugin LinuxDeviceProfileSelector
LogPluginManager: Mounting plugin LocationServicesBPLibrary
LogPluginManager: Mounting plugin MobilePatchingUtils
LogPluginManager: Mounting plugin OculusVR
LogPluginManager: Plugin shader directory ../../../Engine/Plugins/Runtime/Oculus/OculusVR/Shaders found
LogPluginManager: Mapping shader source directory ../../../Engine/Plugins/Runtime/Oculus/OculusVR/Shaders to virtual directory /Plugin/OculusVR
LogPluginManager: Mounting plugin PhysXVehicles
LogPluginManager: Mounting plugin ProceduralMeshComponent
LogPluginManager: Mounting plugin RuntimePhysXCooking
LogPluginManager: Mounting plugin SteamVR
LogPluginManager: Mounting plugin WindowsMoviePlayer
LogPluginManager: Mounting plugin VictoryBPLibrary
LogStreaming: Display: Took  0.095s to configure plugins.
LogInit: Using libcurl 7.55.1-DEV
LogInit:  - built for x86_64-pc-win32
LogInit:  - supports SSL with OpenSSL/1.0.2h
LogInit:  - supports HTTP deflate (compression) using libz 1.2.8
LogInit:  - other features:
LogInit:      CURL_VERSION_SSL
LogInit:      CURL_VERSION_LIBZ
LogInit:      CURL_VERSION_IPV6
LogInit:      CURL_VERSION_ASYNCHDNS
LogInit:      CURL_VERSION_LARGEFILE
LogInit:      CURL_VERSION_IDN
LogInit:  CurlRequestOptions (configurable via config and command line):
LogInit:  - bVerifyPeer = false  - Libcurl will NOT verify peer certificate
LogInit:  - bUseHttpProxy = false  - Libcurl will NOT use HTTP proxy
LogInit:  - bDontReuseConnections = false  - Libcurl will reuse connections
LogInit:  - CertBundlePath = nullptr  - Libcurl will use whatever was configured at build time.
LogInit:  - MaxHostConnections = 16  - Libcurl will limit the number of connections to a host
LogInit:  - LocalHostAddr = Default
LogInit:  - BufferSize = 65536
LogInit: WinSock: version 1.1 (2.2), MaxSocks=32767, MaxUdp=65467
LogInit: Build: ++UE4+Release-4.20-CL-4302132
LogInit: Engine Version: 4.20.2-4302132+++UE4+Release-4.20
LogInit: Compatible Engine Version: 4.20.0-4212847+++UE4+Release-4.20
LogInit: Net CL: 4212847
LogInit: OS: Windows 10 (), CPU: Intel(R) Core(TM) i5-6600K CPU @ 3.50GHz, GPU: NVIDIA GeForce GTX 1060 6GB
LogInit: Compiled (64-bit): Aug 21 2018 02:06:06
LogInit: Compiled with Visual C++: 19.13.26129.00
LogInit: Build Configuration: Development
LogInit: Branch Name: ++UE4+Release-4.20
LogInit: Command Line:  
LogInit: Base Directory: C:/Program Files/Epic Games/UE_4.20/Engine/Binaries/Win64/
LogInit: Installed Engine Build: 1
LogDevObjectVersion: Number of dev versions registered: 20
LogDevObjectVersion:   Dev-Blueprints (B0D832E4-1F89-4F0D-ACCF-7EB736FD4AA2): 10
LogDevObjectVersion:   Dev-Build (E1C64328-A22C-4D53-A36C-8E866417BD8C): 0
LogDevObjectVersion:   Dev-Core (375EC13C-06E4-48FB-B500-84F0262A717E): 2
LogDevObjectVersion:   Dev-Editor (E4B068ED-F494-42E9-A231-DA0B2E46BB41): 24
LogDevObjectVersion:   Dev-Framework (CFFC743F-43B0-4480-9391-14DF171D2073): 34
LogDevObjectVersion:   Dev-Mobile (B02B49B5-BB20-44E9-A304-32B752E40360): 2
LogDevObjectVersion:   Dev-Networking (A4E4105C-59A1-49B5-A7C5-40C4547EDFEE): 0
LogDevObjectVersion:   Dev-Online (39C831C9-5AE6-47DC-9A44-9C173E1C8E7C): 0
LogDevObjectVersion:   Dev-Physics (78F01B33-EBEA-4F98-B9B4-84EACCB95AA2): 0
LogDevObjectVersion:   Dev-Platform (6631380F-2D4D-43E0-8009-CF276956A95A): 0
LogDevObjectVersion:   Dev-Rendering (12F88B9F-8875-4AFC-A67C-D90C383ABD29): 26
LogDevObjectVersion:   Dev-Sequencer (7B5AE74C-D270-4C10-A958-57980B212A5A): 9
LogDevObjectVersion:   Dev-VR (D7296918-1DD6-4BDD-9DE2-64A83CC13884): 2
LogDevObjectVersion:   Dev-LoadTimes (C2A15278-BFE7-4AFE-6C17-90FF531DF755): 1
LogDevObjectVersion:   Private-Geometry (6EACA3D4-40EC-4CC1-B786-8BED09428FC5): 3
LogDevObjectVersion:   Dev-AnimPhys (29E575DD-E0A3-4627-9D10-D276232CDCEA): 17
LogDevObjectVersion:   Dev-ReflectionCapture (6B266CEC-1EC7-4B8F-A30B-E4D90942FC07): 1
LogDevObjectVersion:   Dev-Automation (0DF73D61-A23F-47EA-B727-89E90C41499A): 1
LogDevObjectVersion:   FortniteMain (601D1886-AC64-4F84-AA16-D3DE0DEAC7D6): 12
LogDevObjectVersion:   Dev-Enterprise (9DFFBCD6-494F-0158-E221-12823C92A888): 1
LogStreaming: Display: Took  0.000s to delete old logs.
LogInit: Presizing for max 8388607 objects, including 0 objects not considered by GC, pre-allocating 0 bytes for permanent pool.
LogInit: Object subsystem initialized
[2018.08.30-07.15.22:136][  0]LogInit: Selected Device Profile: [Windows]
[2018.08.30-07.15.22:136][  0]LogInit: Applying CVar settings loaded from the selected device profile: [Windows]
[2018.08.30-07.15.22:167][  0]LogHAL: Display: Platform has ~ 16 GB [17126526976 / 17179869184 / 16], which maps to Larger [LargestMinGB=32, LargerMinGB=12, DefaultMinGB=8, SmallerMinGB=6, SmallestMinGB=0)
[2018.08.30-07.15.22:167][  0]LogInit: Setting Device Profile CVar: [[r.Vulkan.UseRealUBs:1]]
[2018.08.30-07.15.22:167][  0]LogInit: Going up to parent DeviceProfile []
[2018.08.30-07.15.22:177][  0]LogInit: Computer: SAFIR
[2018.08.30-07.15.22:177][  0]LogInit: User: Safir
[2018.08.30-07.15.22:177][  0]LogInit: CPU Page size=4096, Cores=4
[2018.08.30-07.15.22:177][  0]LogInit: High frequency timer resolution =3.421874 MHz
[2018.08.30-07.15.22:177][  0]LogMemory: Memory total: Physical=16.0GB (16GB approx)
[2018.08.30-07.15.22:177][  0]LogMemory: Platform Memory Stats for Windows
[2018.08.30-07.15.22:177][  0]LogMemory: Process Physical Memory: 99.49 MB used, 99.49 MB peak
[2018.08.30-07.15.22:177][  0]LogMemory: Process Virtual Memory: 90.65 MB used, 90.65 MB peak
[2018.08.30-07.15.22:177][  0]LogMemory: Physical Memory: 3043.80 MB used,  13289.33 MB free, 16333.13 MB total
[2018.08.30-07.15.22:177][  0]LogMemory: Virtual Memory: 4626.70 MB used,  13289.33 MB free, 134217728.00 MB total
[2018.08.30-07.15.22:369][  0]LogInit: Using OS detected language (en-US).
[2018.08.30-07.15.22:369][  0]LogInit: Using OS detected locale (en-US).
[2018.08.30-07.15.22:370][  0]LogTextLocalizationManager: No specific localization for 'en-US' exists, so the 'en' localization will be used.
[2018.08.30-07.15.22:741][  0]LogStreaming: Display: Took  0.369s to InitEngineTextLocalization.
[2018.08.30-07.15.22:741][  0]LogInit: Setting process to per monitor DPI aware
[2018.08.30-07.15.22:811][  0]LogSlate: New Slate User Created.  User Index 0, Is Virtual User: 0
[2018.08.30-07.15.22:811][  0]LogSlate: Slate User Registered.  User Index 0, Is Virtual User: 0
[2018.08.30-07.15.24:633][  0]LogHMD: Failed to initialize OpenVR with code 110
[2018.08.30-07.15.24:633][  0]LogD3D11RHI: D3D11 adapters:
[2018.08.30-07.15.24:679][  0]LogD3D11RHI:    0. 'NVIDIA GeForce GTX 1060 6GB' (Feature Level 11_0)
[2018.08.30-07.15.24:679][  0]LogD3D11RHI:       6052/0/8166 MB DedicatedVideo/DedicatedSystem/SharedSystem, Outputs:1, VendorId:0x10de
[2018.08.30-07.15.24:680][  0]LogD3D11RHI:    1. 'Microsoft Basic Render Driver' (Feature Level 11_0)
[2018.08.30-07.15.24:680][  0]LogD3D11RHI:       0/0/8166 MB DedicatedVideo/DedicatedSystem/SharedSystem, Outputs:0, VendorId:0x1414
[2018.08.30-07.15.24:681][  0]LogD3D11RHI:    2. 'Microsoft Basic Render Driver' (Feature Level 11_0)
[2018.08.30-07.15.24:681][  0]LogD3D11RHI:       0/0/8166 MB DedicatedVideo/DedicatedSystem/SharedSystem, Outputs:0, VendorId:0x1414
[2018.08.30-07.15.24:681][  0]LogD3D11RHI: Chosen D3D11 Adapter: 0
[2018.08.30-07.15.24:686][  0]LogD3D11RHI: Creating new Direct3DDevice
[2018.08.30-07.15.24:686][  0]LogD3D11RHI:     GPU DeviceId: 0x1c03 (for the marketing name, search the web for "GPU Device Id")
[2018.08.30-07.15.24:687][  0]LogWindows: EnumDisplayDevices:
[2018.08.30-07.15.24:687][  0]LogWindows:    0. 'NVIDIA GeForce GTX 1060 6GB' (P:1 D:1)
[2018.08.30-07.15.24:687][  0]LogWindows:    1. 'NVIDIA GeForce GTX 1060 6GB' (P:0 D:0)
[2018.08.30-07.15.24:687][  0]LogWindows:    2. 'NVIDIA GeForce GTX 1060 6GB' (P:0 D:0)
[2018.08.30-07.15.24:687][  0]LogWindows:    3. 'NVIDIA GeForce GTX 1060 6GB' (P:0 D:0)
[2018.08.30-07.15.24:687][  0]LogWindows:    4. 'spacedesk Graphics Adapter' (P:0 D:0)
[2018.08.30-07.15.24:687][  0]LogWindows:    5. 'spacedesk Graphics Adapter' (P:0 D:0)
[2018.08.30-07.15.24:688][  0]LogWindows:    6. 'spacedesk Graphics Adapter' (P:0 D:0)
[2018.08.30-07.15.24:688][  0]LogWindows: DebugString: GetVideoDriverDetailsInvalid PrimaryIsNotTheChoosenAdapter GetVideoDriverDetailsInvalid PrimaryIsNotTheChoosenAdapter GetVideoDriverDetailsInvalid PrimaryIsNotTheChoosenAdapter FoundDriverCount:4 
[2018.08.30-07.15.24:688][  0]LogD3D11RHI:     Adapter Name: NVIDIA GeForce GTX 1060 6GB
[2018.08.30-07.15.24:689][  0]LogD3D11RHI:   Driver Version: 391.35 (internal:23.21.13.9135, unified:391.35)
[2018.08.30-07.15.24:689][  0]LogD3D11RHI:      Driver Date: 3-23-2018
[2018.08.30-07.15.24:689][  0]LogRHI: Texture pool is 4236 MB (70% of 6052 MB)
[2018.08.30-07.15.24:718][  0]LogD3D11RHI: Async texture creation enabled
[2018.08.30-07.15.24:742][  0]LogD3D11RHI: GPU Timing Frequency: 1000.000000 (Debug: 2 2)
[2018.08.30-07.15.24:745][  0]LogShaderCompilers: Guid format shader working directory is -8 characters bigger than the processId version (G:/Unreal Engine New Projects/arch-demo/MyProject 4.20/Intermediate/Shaders/WorkingDirectory/5012/).
[2018.08.30-07.15.24:745][  0]LogShaderCompilers: Cleaned the shader compiler working directory 'C:/Users/Safir/AppData/Local/Temp/UnrealShaderWorkingDir/3CA5CDB34F5FDB75A823308DC8570482/'.
[2018.08.30-07.15.25:145][  0]LogTemp: Display: Loaded TP AllDesktopTargetPlatform
[2018.08.30-07.15.25:164][  0]LogTemp: Display: Loaded TP MacClientTargetPlatform
[2018.08.30-07.15.25:184][  0]LogTemp: Display: Loaded TP MacNoEditorTargetPlatform
[2018.08.30-07.15.25:204][  0]LogTemp: Display: Loaded TP MacServerTargetPlatform
[2018.08.30-07.15.25:228][  0]LogTemp: Display: Loaded TP MacTargetPlatform
[2018.08.30-07.15.25:250][  0]LogTemp: Display: Loaded TP WindowsClientTargetPlatform
[2018.08.30-07.15.25:270][  0]LogTemp: Display: Loaded TP WindowsNoEditorTargetPlatform
[2018.08.30-07.15.25:290][  0]LogTemp: Display: Loaded TP WindowsServerTargetPlatform
[2018.08.30-07.15.25:303][  0]LogTemp: Display: Loaded TP WindowsTargetPlatform
[2018.08.30-07.15.25:385][  0]LogTemp: Display: Loaded TP AndroidTargetPlatform
[2018.08.30-07.15.25:385][  0]LogTemp: Display: Loaded TP AndroidTargetPlatform
[2018.08.30-07.15.25:385][  0]LogTemp: Display: Loaded TP AndroidTargetPlatform
[2018.08.30-07.15.25:385][  0]LogTemp: Display: Loaded TP AndroidTargetPlatform
[2018.08.30-07.15.25:385][  0]LogTemp: Display: Loaded TP AndroidTargetPlatform
[2018.08.30-07.15.25:385][  0]LogTemp: Display: Loaded TP AndroidTargetPlatform
[2018.08.30-07.15.25:385][  0]LogTemp: Display: Loaded TP AndroidTargetPlatform
[2018.08.30-07.15.25:385][  0]LogTemp: Display: Loaded TP AndroidTargetPlatform
[2018.08.30-07.15.25:385][  0]LogTemp: Display: Loaded TP AndroidTargetPlatform
[2018.08.30-07.15.25:385][  0]LogTemp: Display: Loaded TP AndroidTargetPlatform
[2018.08.30-07.15.25:385][  0]LogTemp: Display: Loaded TP AndroidTargetPlatform
[2018.08.30-07.15.25:385][  0]LogTemp: Display: Loaded TP AndroidTargetPlatform
[2018.08.30-07.15.25:385][  0]LogTemp: Display: Loaded TP AndroidTargetPlatform
[2018.08.30-07.15.25:385][  0]LogTemp: Display: Loaded TP AndroidTargetPlatform
[2018.08.30-07.15.25:385][  0]LogTemp: Display: Loaded TP AndroidTargetPlatform
[2018.08.30-07.15.25:385][  0]LogTemp: Display: Loaded TP AndroidTargetPlatform
[2018.08.30-07.15.25:385][  0]LogTemp: Display: Loaded TP AndroidTargetPlatform
[2018.08.30-07.15.25:385][  0]LogTemp: Display: Loaded TP AndroidTargetPlatform
[2018.08.30-07.15.25:394][  0]LogTemp: Display: Loaded TP HTML5TargetPlatform
[2018.08.30-07.15.25:490][  0]LogTemp: Display: Loaded TP IOSTargetPlatform
[2018.08.30-07.15.25:490][  0]LogTemp: Display: Loaded TP IOSTargetPlatform
[2018.08.30-07.15.25:516][  0]LogTemp: Display: Loaded TP TVOSTargetPlatform
[2018.08.30-07.15.25:517][  0]LogTemp: Display: Loaded TP TVOSTargetPlatform
[2018.08.30-07.15.25:536][  0]LogTemp: Display: Loaded TP LinuxClientTargetPlatform
[2018.08.30-07.15.25:556][  0]LogTemp: Display: Loaded TP LinuxNoEditorTargetPlatform
[2018.08.30-07.15.25:575][  0]LogTemp: Display: Loaded TP LinuxServerTargetPlatform
[2018.08.30-07.15.25:601][  0]LogTemp: Display: Loaded TP LinuxTargetPlatform
[2018.08.30-07.15.25:618][  0]LogTemp: Display: Loaded TP LuminTargetPlatform
[2018.08.30-07.15.25:618][  0]LogTargetPlatformManager: Display: Building Assets For Windows
[2018.08.30-07.15.25:921][  0]LogXGEController: Cleaning working directory: C:/Users/Safir/AppData/Local/Temp/UnrealXGEWorkingDir/
[2018.08.30-07.15.25:922][  0]LogXGEController: Cannot use XGE Controller as Incredibuild is not installed on this machine.
[2018.08.30-07.15.25:922][  0]LogShaderCompilers: Cannot use XGE Shader Compiler as Incredibuild is not installed on this machine.
[2018.08.30-07.15.25:922][  0]LogShaderCompilers: Display: Using Local Shader Compiler.
[2018.08.30-07.15.27:519][  0]LogDerivedDataCache: Display: Max Cache Size: 512 MB
[2018.08.30-07.15.27:857][  0]LogDerivedDataCache: Loaded boot cache 0.34s 71MB C:/Users/Safir/AppData/Local/UnrealEngine/4.20/DerivedDataCache/Boot.ddc.
[2018.08.30-07.15.27:858][  0]LogDerivedDataCache: Display: Loaded Boot cache: C:/Users/Safir/AppData/Local/UnrealEngine/4.20/DerivedDataCache/Boot.ddc
[2018.08.30-07.15.27:858][  0]LogDerivedDataCache: FDerivedDataBackendGraph:  Pak pak cache file G:/Unreal Engine New Projects/arch-demo/MyProject 4.20/DerivedDataCache/DDC.ddp not found, will not use a pak cache.
[2018.08.30-07.15.27:858][  0]LogDerivedDataCache: Unable to find inner node Pak for hierarchical cache Hierarchy.
[2018.08.30-07.15.27:858][  0]LogDerivedDataCache: FDerivedDataBackendGraph:  CompressedPak pak cache file G:/Unreal Engine New Projects/arch-demo/MyProject 4.20/DerivedDataCache/Compressed.ddp not found, will not use a pak cache.
[2018.08.30-07.15.27:858][  0]LogDerivedDataCache: Unable to find inner node CompressedPak for hierarchical cache Hierarchy.
[2018.08.30-07.15.27:895][  0]LogDerivedDataCache: Display: Pak cache opened for reading ../../../Engine/DerivedDataCache/Compressed.ddp.
[2018.08.30-07.15.27:907][  0]LogDerivedDataCache: Using Local data cache path C:/Users/Safir/AppData/Local/UnrealEngine/Common/DerivedDataCache: Writable
[2018.08.30-07.15.27:907][  0]LogDerivedDataCache: Shared data cache path not found in *engine.ini, will not use an Shared cache.
[2018.08.30-07.15.27:907][  0]LogDerivedDataCache: Unable to find inner node Shared for hierarchical cache Hierarchy.
[2018.08.30-07.15.27:946][  0]LogMaterial: Verifying Global Shaders for PCD3D_SM5
[2018.08.30-07.15.27:954][  0]LogSlate: Using FreeType 2.6.0
[2018.08.30-07.15.27:968][  0]LogSlate: SlateFontServices - WITH_FREETYPE: 1, WITH_HARFBUZZ: 1
[2018.08.30-07.15.28:300][  0]LogAssetRegistry: FAssetRegistry took 0.0300 seconds to start up
[2018.08.30-07.15.28:623][  0]LogInit: Selected Device Profile: [Windows]
[2018.08.30-07.15.28:974][  0]LogSimplygon: Simplygon DLL not present - disabling.
[2018.08.30-07.15.29:017][  0]LogMeshReduction: Using SimplygonSwarm for distributed automatic mesh merging
[2018.08.30-07.15.29:017][  0]LogMeshReduction: Using ProxyLODMeshReduction for automatic mesh merging
[2018.08.30-07.15.29:018][  0]LogMeshReduction: Using QuadricMeshReduction for automatic static mesh reduction
[2018.08.30-07.15.29:018][  0]LogMeshReduction: No automatic skeletal mesh reduction module available
[2018.08.30-07.15.29:060][  0]LogNetVersion: MyProject 1.0.0, NetCL: 4212847, EngineNetVer: 5, GameNetVer: 0 (Checksum: 1110078900)
[2018.08.30-07.15.30:003][  0]LogPackageLocalizationCache: Processed 11 localized package path(s) for 2 prioritized culture(s) in 0.072936 seconds
[2018.08.30-07.15.30:009][  0]LogUObjectArray: 38425 objects as part of root set at end of initial load.
[2018.08.30-07.15.30:009][  0]LogUObjectAllocator: 6690872 out of 0 bytes used by permanent object pool.
[2018.08.30-07.15.30:009][  0]LogUObjectArray: CloseDisregardForGC: 0/0 objects in disregard for GC pool
[2018.08.30-07.15.32:949][  0]LogTcpMessaging: Initializing TcpMessaging bridge
[2018.08.30-07.15.32:985][  0]LogUdpMessaging: Initializing bridge on interface 0.0.0.0:0 to multicast group 230.0.0.1:6666.
[2018.08.30-07.15.33:472][  0]SourceControl: Source control is disabled
[2018.08.30-07.15.33:473][  0]SourceControl: Source control is disabled
[2018.08.30-07.15.33:491][  0]SourceControl: Source control is disabled
[2018.08.30-07.15.33:504][  0]SourceControl: Source control is disabled
[2018.08.30-07.15.34:069][  0]LogAndroidPermission: UAndroidPermissionCallbackProxy::GetInstance
[2018.08.30-07.15.34:194][  0]LogOcInput: OculusInput pre-init called
[2018.08.30-07.15.34:315][  0]LogEngine: Initializing Engine...
[2018.08.30-07.15.34:316][  0]LogHMD: Failed to initialize OpenVR with code 110
[2018.08.30-07.15.34:319][  0]LogStats: UGameplayTagsManager::ConstructGameplayTagTree: ImportINI prefixes -  0.000 s
[2018.08.30-07.15.34:319][  0]LogStats: UGameplayTagsManager::ConstructGameplayTagTree: Construct from data asset -  0.000 s
[2018.08.30-07.15.34:319][  0]LogStats: UGameplayTagsManager::ConstructGameplayTagTree: ImportINI -  0.000 s
[2018.08.30-07.15.34:319][  0]LogStats: UGameplayTagsManager::ConstructGameplayTagTree: GameplayTagTreeChangedEvent.Broadcast -  0.000 s
[2018.08.30-07.15.34:515][  0]LogInit: Initializing FReadOnlyCVARCache
[2018.08.30-07.15.34:546][  0]LogAIModule: Creating AISystem for world Untitled
[2018.08.30-07.15.34:571][  0]LogInit: XAudio2 using 'Speakers (3- USB PnP Sound Device)' : 2 channels at 48 kHz using 16 bits per sample (channel mask 0x3)
[2018.08.30-07.15.34:591][  0]LogInit: FAudioDevice initialized.
[2018.08.30-07.15.34:591][  0]LogNetVersion: Set ProjectVersion to 1.0.0.0. Version Checksum will be recalculated on next use.
[2018.08.30-07.15.34:666][  0]LogDerivedDataCache: Saved boot cache 0.07s 71MB C:/Users/Safir/AppData/Local/UnrealEngine/4.20/DerivedDataCache/Boot.ddc.
[2018.08.30-07.15.34:675][  0]LogInit: Texture streaming: Enabled
[2018.08.30-07.15.34:731][  0]LogEngineSessionManager: EngineSessionManager initialized
[2018.08.30-07.15.34:801][  0]LogInit: Transaction tracking system initialized
[2018.08.30-07.15.35:138][  0]BlueprintLog: New page: Editor Load
[2018.08.30-07.15.35:486][  0]LocalizationService: Localization service is disabled
[2018.08.30-07.15.35:939][  0]LogCook: Display: Max memory allowance for cook 16384mb min free memory 0mb
[2018.08.30-07.15.35:939][  0]LogFileCache: Scanning file cache for directory 'G:/Unreal Engine New Projects/arch-demo/MyProject 4.20/Content/' took 0.01s
[2018.08.30-07.15.35:939][  0]LogCook: Display: Mobile HDR setting 1
[2018.08.30-07.15.35:939][  0]LogGameplayTags: Display: UGameplayTagsManager::DoneAddingNativeTags. DelegateIsBound: 0
[2018.08.30-07.15.35:939][  0]LogStats: UGameplayTagsManager::ConstructGameplayTagTree: ImportINI prefixes -  0.000 s
[2018.08.30-07.15.35:939][  0]LogStats: UGameplayTagsManager::ConstructGameplayTagTree: Construct from data asset -  0.000 s
[2018.08.30-07.15.35:940][  0]LogStats: UGameplayTagsManager::ConstructGameplayTagTree: ImportINI -  0.000 s
[2018.08.30-07.15.35:940][  0]LogStats: UGameplayTagsManager::ConstructGameplayTagTree: GameplayTagTreeChangedEvent.Broadcast -  0.000 s
[2018.08.30-07.15.36:404][  0]SourceControl: Source control is disabled
[2018.08.30-07.15.36:405][  0]Cmd: MAP LOAD FILE="G:/Unreal Engine New Projects/arch-demo/MyProject 4.20/Content/Levels/Menu.umap" TEMPLATE=0 SHOWPROGRESS=1 FEATURELEVEL=3
[2018.08.30-07.15.36:406][  0]LightingResults: New page: Lighting Build
[2018.08.30-07.15.36:413][  0]MapCheck: New page: Map Check
[2018.08.30-07.15.36:413][  0]LightingResults: New page: Lighting Build
[2018.08.30-07.15.36:486][  0]LogAIModule: Creating AISystem for world Menu
[2018.08.30-07.15.36:489][  0]LogEditorServer: Finished looking for orphan Actors (0.000 secs)
[2018.08.30-07.15.36:515][  0]Cmd: MAP CHECKDEP NOCLEARLOG
[2018.08.30-07.15.36:558][  0]MapCheck: Map check complete: 0 Error(s), 0 Warning(s), took 42.845ms to complete.
[2018.08.30-07.15.36:558][  0]LogFileHelpers: Loading map 'Menu' took 0.153
[2018.08.30-07.15.36:694][  0]LogSlate: Updating window title bar state: overlay mode, drag disabled, window buttons hidden, title bar hidden
[2018.08.30-07.15.36:701][  0]LogSlate: Updating window title bar state: overlay mode, drag disabled, window buttons hidden, title bar hidden
[2018.08.30-07.15.36:707][  0]LogSlate: Updating window title bar state: overlay mode, drag disabled, window buttons hidden, title bar hidden
[2018.08.30-07.15.36:713][  0]LogSlate: Updating window title bar state: overlay mode, drag disabled, window buttons hidden, title bar hidden
[2018.08.30-07.15.36:729][  0]LogCollectionManager: Loaded 0 collections in 0.001134 seconds
[2018.08.30-07.15.36:771][  0]LogFileCache: Scanning file cache for directory 'G:/Unreal Engine New Projects/arch-demo/MyProject 4.20/Saved/Collections/' took 0.01s
[2018.08.30-07.15.36:771][  0]LogFileCache: Scanning file cache for directory 'G:/Unreal Engine New Projects/arch-demo/MyProject 4.20/Content/Developers/Safir/Collections/' took 0.01s
[2018.08.30-07.15.36:771][  0]LogFileCache: Scanning file cache for directory 'G:/Unreal Engine New Projects/arch-demo/MyProject 4.20/Content/Collections/' took 0.01s
[2018.08.30-07.15.36:771][  0]LogCollectionManager: Rebuilt the GUID cache for 0 collections in 0.000000 seconds
[2018.08.30-07.15.36:779][  0]LogContentBrowser: Native class hierarchy populated in 0.0079 seconds. Added 2587 classes and 611 folders.
[2018.08.30-07.15.36:786][  0]LogContentBrowser: Native class hierarchy updated for 'WidgetCarousel' in 0.0002 seconds. Added 0 classes and 0 folders.
[2018.08.30-07.15.37:097][  0]LogContentBrowser: Native class hierarchy updated for 'AddContentDialog' in 0.0002 seconds. Added 0 classes and 0 folders.
[2018.08.30-07.15.37:113][  0]LogContentBrowser: Native class hierarchy updated for 'SceneOutliner' in 0.0002 seconds. Added 1 classes and 2 folders.
[2018.08.30-07.15.37:153][  0]LogSlate: Took 0.004939 seconds to synchronously load lazily loaded font '../../../Engine/Content/Slate/Fonts/Roboto-Regular.ttf' (155K)
[2018.08.30-07.15.37:159][  0]LogSlate: Took 0.004796 seconds to synchronously load lazily loaded font '../../../Engine/Content/Slate/Fonts/Roboto-Bold.ttf' (160K)
[2018.08.30-07.15.37:170][  0]LogSlate: Took 0.004831 seconds to synchronously load lazily loaded font '../../../Engine/Content/Editor/Slate/Fonts/FontAwesome.ttf' (139K)
[2018.08.30-07.15.37:262][  0]LogRenderer: Reallocating scene render targets to support 984x484 Format 10 NumSamples 1 (Frame:1).
[2018.08.30-07.15.37:383][  0]LogContentBrowser: Native class hierarchy updated for 'HierarchicalLODOutliner' in 0.0002 seconds. Added 0 classes and 0 folders.
[2018.08.30-07.15.37:383][  0]LogLoad: (Engine Initialization) Total time: 20.24 seconds
[2018.08.30-07.15.37:383][  0]LogLoad: (Engine Initialization) Total Blueprint compile time: 0.00 seconds
[2018.08.30-07.15.37:418][  0]LogContentStreaming: Texture pool size now 1000 MB
[2018.08.30-07.15.37:474][  0]LogSlate: Took 0.005390 seconds to synchronously load lazily loaded font '../../../Engine/Content/Slate/Fonts/Roboto-Light.ttf' (167K)
[2018.08.30-07.15.37:492][  1]LogAssetRegistry: Asset discovery search completed in 9.2143 seconds
[2018.08.30-07.15.37:493][  1]LogCollectionManager: Rebuilt the object cache for 0 collections in 0.000000 seconds (found 0 objects)
[2018.08.30-07.15.37:493][  1]LogCollectionManager: Fixed up redirectors for 0 collections in 0.000064 seconds (updated 0 objects)
[2018.08.30-07.15.39:853][280]LogSlate: FSceneViewport::OnFocusLost() reason 0
[2018.08.30-07.15.43:430][707]LogSlate: Took 0.000162 seconds to synchronously load lazily loaded font '../../../Engine/Content/Slate/Fonts/Roboto-Light.ttf' (167K)
[2018.08.30-07.15.43:818][707]LogAIModule: Creating AISystem for world texEditor
[2018.08.30-07.15.43:825][707]LogAssetEditorManager: Opening Asset editor for World /Game/Levels/texEditor.texEditor
[2018.08.30-07.15.43:851][707]Cmd: MAP LOAD FILE="G:/Unreal Engine New Projects/arch-demo/MyProject 4.20/Content/Levels/texEditor.umap" TEMPLATE=0 SHOWPROGRESS=1 FEATURELEVEL=3
[2018.08.30-07.15.43:851][707]LightingResults: New page: Lighting Build
[2018.08.30-07.15.43:852][707]LoadErrors: New page: Loading map: texEditor.umap
[2018.08.30-07.15.43:852][707]MapCheck: New page: Map Check
[2018.08.30-07.15.43:853][707]LightingResults: New page: Lighting Build
[2018.08.30-07.15.43:880][707]LogEditorServer: Finished looking for orphan Actors (0.000 secs)
[2018.08.30-07.15.43:912][707]Cmd: MAP CHECKDEP NOCLEARLOG
[2018.08.30-07.15.43:956][707]MapCheck: Map check complete: 0 Error(s), 0 Warning(s), took 44.56ms to complete.
[2018.08.30-07.15.43:956][707]LogFileHelpers: Loading map 'texEditor' took 0.107
[2018.08.30-07.15.45:843][928]LogSlate: FSceneViewport::OnFocusLost() reason 0
[2018.08.30-07.15.45:918][937]LogTemp: Repeating last play command: Selected Viewport
[2018.08.30-07.15.45:924][937]LogBlueprintUserMessages: Early PlayInEditor Detection: Level '/Game/Levels/texEditor.texEditor:PersistentLevel' has LevelScriptBlueprint '/Game/Levels/texEditor.texEditor:PersistentLevel.texEditor' with GeneratedClass '/Game/Levels/texEditor.texEditor_C' with ClassGeneratedBy '/Game/Levels/texEditor.texEditor:PersistentLevel.texEditor'
[2018.08.30-07.15.45:924][937]LogPlayLevel: PlayLevel: No blueprints needed recompiling
[2018.08.30-07.15.45:939][937]PIE: New page: PIE session: texEditor (Aug 30, 2018, 4:15:45 PM)
[2018.08.30-07.15.45:939][937]LogPlayLevel: Creating play world package: /Game/Levels/UEDPIE_0_texEditor
[2018.08.30-07.15.45:951][937]LogPlayLevel: PIE: StaticDuplicateObject took: (0.011849s)
[2018.08.30-07.15.45:951][937]LogAIModule: Creating AISystem for world texEditor
[2018.08.30-07.15.45:951][937]LogPlayLevel: PIE: World Init took: (0.000584s)
[2018.08.30-07.15.45:952][937]LogPlayLevel: PIE: Created PIE world by copying editor world from /Game/Levels/texEditor.texEditor to /Game/Levels/UEDPIE_0_texEditor.texEditor (0.012584s)
[2018.08.30-07.15.45:984][937]LogInit: XAudio2 using 'Speakers (3- USB PnP Sound Device)' : 2 channels at 48 kHz using 16 bits per sample (channel mask 0x3)
[2018.08.30-07.15.45:991][937]LogInit: FAudioDevice initialized.
[2018.08.30-07.15.46:120][937]LogLoad: Game class is 'BP_arch_gamemode_C'
[2018.08.30-07.15.46:124][937]LogWorld: Bringing World /Game/Levels/UEDPIE_0_texEditor.texEditor up for play (max tick rate 0) at 2018.08.30-11.45.46
[2018.08.30-07.15.46:124][937]LogWorld: Bringing up level for play took: 0.000813
[2018.08.30-07.15.46:148][937]LogContentBrowser: Native class hierarchy updated for 'MovieSceneCapture' in 0.0004 seconds. Added 10 classes and 0 folders.
[2018.08.30-07.15.46:220][937]LogBlueprintUserMessages: [texEditor_C_3] 310102_teaspoons_1440x1100.jpg
[2018.08.30-07.15.46:263][937]LogBlueprintUserMessages: [texEditor_C_3] 310106_robot_1440x1100.jpg
[2018.08.30-07.15.46:306][937]LogBlueprintUserMessages: [texEditor_C_3] 460913_sanja_1440x1100.jpg
[2018.08.30-07.15.46:345][937]LogBlueprintUserMessages: [texEditor_C_3] barg.jpg
[2018.08.30-07.15.46:393][937]LogBlueprintUserMessages: [texEditor_C_3] flower1.jpg
[2018.08.30-07.15.46:439][937]LogBlueprintUserMessages: [texEditor_C_3] flower2.jpg
[2018.08.30-07.15.46:485][937]LogBlueprintUserMessages: [texEditor_C_3] flower3.jpg
[2018.08.30-07.15.46:508][937]LogBlueprintUserMessages: [texEditor_C_3] flower4.jpg
[2018.08.30-07.15.46:553][937]LogBlueprintUserMessages: [texEditor_C_3] gol.jpg
[2018.08.30-07.15.46:578][937]LogBlueprintUserMessages: [texEditor_C_3] products-378-29323.jpg
[2018.08.30-07.15.46:579][937]PIE: Play in editor start time for /Game/Levels/UEDPIE_0_texEditor -0.025
[2018.08.30-07.15.46:580][937]LogBlueprintUserMessages: Late PlayInEditor Detection: Level '/Game/Levels/texEditor.texEditor:PersistentLevel' has LevelScriptBlueprint '/Game/Levels/texEditor.texEditor:PersistentLevel.texEditor' with GeneratedClass '/Game/Levels/texEditor.texEditor_C' with ClassGeneratedBy '/Game/Levels/texEditor.texEditor:PersistentLevel.texEditor'
[2018.08.30-07.15.48:760][186]LogSlate: FSceneViewport::OnFocusLost() reason 0
[2018.08.30-07.16.07:370][419]LogBlueprintUserMessages: Early EndPlayMap Detection: Level '/Game/Levels/texEditor.texEditor:PersistentLevel' has LevelScriptBlueprint '/Game/Levels/texEditor.texEditor:PersistentLevel.texEditor' with GeneratedClass '/Game/Levels/texEditor.texEditor_C' with ClassGeneratedBy '/Game/Levels/texEditor.texEditor:PersistentLevel.texEditor'
[2018.08.30-07.16.07:371][419]LogSlate: Updating window title bar state: overlay mode, drag disabled, window buttons hidden, title bar hidden
[2018.08.30-07.16.07:402][419]LogPlayLevel: Display: Shutting down PIE online subsystems
[2018.08.30-07.16.07:402][419]LogBlueprintUserMessages: Late EndPlayMap Detection: Level '/Game/Levels/texEditor.texEditor:PersistentLevel' has LevelScriptBlueprint '/Game/Levels/texEditor.texEditor:PersistentLevel.texEditor' with GeneratedClass '/Game/Levels/texEditor.texEditor_C' with ClassGeneratedBy '/Game/Levels/texEditor.texEditor:PersistentLevel.texEditor'
[2018.08.30-07.16.07:424][419]LogSlate: Updating window title bar state: overlay mode, drag disabled, window buttons hidden, title bar hidden
[2018.08.30-07.16.07:474][424]LogPlayLevel: Display: Destroying online subsystem :Context_1
[2018.08.30-07.16.33:312][517]LogSlate: Window 'MyProject - Unreal Editor' being destroyed
[2018.08.30-07.16.33:313][517]LogWindowsTextInputMethodSystem: Display: IME system now deactivated.
[2018.08.30-07.16.33:481][518]Cmd: QUIT_EDITOR
[2018.08.30-07.16.34:225][518]LogExit: Preparing to exit.
[2018.08.30-07.16.35:083][518]LogExit: Editor shut down
[2018.08.30-07.16.35:083][518]LogExit: Transaction tracking system shut down
[2018.08.30-07.16.35:492][518]LogExit: Object subsystem successfully closed.
[2018.08.30-07.16.35:508][518]LogShaderCompilers: Display: Shaders left to compile 0
[2018.08.30-07.16.35:511][518]LogD3D11RHI: Shutdown
[2018.08.30-07.16.35:511][518]LogD3D11RHI: CleanupD3DDevice
[2018.08.30-07.16.35:512][518]LogD3D11RHI: ~FD3D11DynamicRHI
[2018.08.30-07.16.35:538][518]LogModuleManager: Shutting down and abandoning module MovieSceneCapture (620)
[2018.08.30-07.16.35:538][518]LogModuleManager: Shutting down and abandoning module Voice (618)
[2018.08.30-07.16.35:538][518]LogModuleManager: Shutting down and abandoning module HierarchicalLODOutliner (616)
[2018.08.30-07.16.35:538][518]LogModuleManager: Shutting down and abandoning module SceneOutliner (614)
[2018.08.30-07.16.35:538][518]LogModuleManager: Shutting down and abandoning module AddContentDialog (612)
[2018.08.30-07.16.35:542][518]LogModuleManager: Shutting down and abandoning module WidgetCarousel (611)
[2018.08.30-07.16.35:542][518]LogModuleManager: Shutting down and abandoning module EditorWidgets (608)
[2018.08.30-07.16.35:542][518]LogModuleManager: Shutting down and abandoning module CollectionManager (606)
[2018.08.30-07.16.35:542][518]LogModuleManager: Shutting down and abandoning module StatsViewer (604)
[2018.08.30-07.16.35:542][518]LogModuleManager: Shutting down and abandoning module FoliageEdit (602)
[2018.08.30-07.16.35:542][518]LogModuleManager: Shutting down and abandoning module LandscapeEditor (600)
[2018.08.30-07.16.35:543][518]LogModuleManager: Shutting down and abandoning module MeshPaintMode (598)
[2018.08.30-07.16.35:543][518]LogModuleManager: Shutting down and abandoning module SceneDepthPickerMode (596)
[2018.08.30-07.16.35:543][518]LogModuleManager: Shutting down and abandoning module ActorPickerMode (594)
[2018.08.30-07.16.35:543][518]LogModuleManager: Shutting down and abandoning module GeometryMode (592)
[2018.08.30-07.16.35:543][518]LogModuleManager: Shutting down and abandoning module TextureAlignMode (590)
[2018.08.30-07.16.35:543][518]LogModuleManager: Shutting down and abandoning module BspMode (588)
[2018.08.30-07.16.35:543][518]LogModuleManager: Shutting down and abandoning module PIEPreviewDeviceProfileSelector (586)
[2018.08.30-07.16.35:543][518]LogModuleManager: Shutting down and abandoning module SequenceRecorderSections (584)
[2018.08.30-07.16.35:543][518]LogModuleManager: Shutting down and abandoning module AutomationWorker (582)
[2018.08.30-07.16.35:543][518]LogModuleManager: Shutting down and abandoning module AudioCaptureEditor (580)
[2018.08.30-07.16.35:543][518]LogModuleManager: Shutting down and abandoning module SequenceRecorder (579)
[2018.08.30-07.16.35:543][518]LogModuleManager: Shutting down and abandoning module MatineeToLevelSequence (576)
[2018.08.30-07.16.35:543][518]LogModuleManager: Shutting down and abandoning module LevelSequenceEditor (574)
[2018.08.30-07.16.35:543][518]LogModuleManager: Shutting down and abandoning module PlacementMode (573)
[2018.08.30-07.16.35:543][518]LogModuleManager: Shutting down and abandoning module MaterialEditor (572)
[2018.08.30-07.16.35:544][518]LogModuleManager: Shutting down and abandoning module WmfMediaFactory (568)
[2018.08.30-07.16.35:544][518]LogModuleManager: Shutting down and abandoning module WmfMediaEditor (566)
[2018.08.30-07.16.35:544][518]LogModuleManager: Shutting down and abandoning module MediaPlayerEditor (564)
[2018.08.30-07.16.35:544][518]LogModuleManager: Shutting down and abandoning module OpenExrWrapper (562)
[2018.08.30-07.16.35:544][518]LogModuleManager: Shutting down and abandoning module ImgMediaFactory (560)
[2018.08.30-07.16.35:544][518]LogModuleManager: Shutting down and abandoning module ImgMediaEditor (558)
[2018.08.30-07.16.35:544][518]LogModuleManager: Shutting down and abandoning module AvfMediaFactory (556)
[2018.08.30-07.16.35:544][518]LogModuleManager: Shutting down and abandoning module AvfMediaEditor (554)
[2018.08.30-07.16.35:544][518]LogModuleManager: Shutting down and abandoning module AndroidMediaFactory (552)
[2018.08.30-07.16.35:544][518]LogModuleManager: Shutting down and abandoning module AndroidMediaEditor (550)
[2018.08.30-07.16.35:544][518]LogModuleManager: Shutting down and abandoning module MagicLeapCameraPreviewFactory (548)
[2018.08.30-07.16.35:544][518]LogModuleManager: Shutting down and abandoning module MagicLeapMediaFactory (546)
[2018.08.30-07.16.35:544][518]LogModuleManager: Shutting down and abandoning module MagicLeapMediaEditor (544)
[2018.08.30-07.16.35:544][518]LogModuleManager: Shutting down and abandoning module CharacterAI (542)
[2018.08.30-07.16.35:544][518]LogModuleManager: Shutting down and abandoning module SmartSnapping (540)
[2018.08.30-07.16.35:544][518]LogModuleManager: Shutting down and abandoning module SessionServices (538)
[2018.08.30-07.16.35:544][518]LogModuleManager: Shutting down and abandoning module ViewportSnapping (536)
[2018.08.30-07.16.35:544][518]LogModuleManager: Shutting down and abandoning module ViewportInteraction (534)
[2018.08.30-07.16.35:544][518]LogModuleManager: Shutting down and abandoning module ClothPainter (532)
[2018.08.30-07.16.35:545][518]LogModuleManager: Shutting down and abandoning module SkeletalMeshEditor (531)
[2018.08.30-07.16.35:545][518]LogModuleManager: Shutting down and abandoning module LogVisualizer (528)
[2018.08.30-07.16.35:545][518]LogModuleManager: Shutting down and abandoning module IntroTutorials (526)
[2018.08.30-07.16.35:545][518]LogModuleManager: Shutting down and abandoning module GameProjectGeneration (525)
[2018.08.30-07.16.35:545][518]LogModuleManager: Shutting down and abandoning module LuminPlatformEditor (522)
[2018.08.30-07.16.35:545][518]LogModuleManager: Shutting down and abandoning module IOSPlatformEditor (520)
[2018.08.30-07.16.35:545][518]LogModuleManager: Shutting down and abandoning module HTML5PlatformEditor (518)
[2018.08.30-07.16.35:545][518]LogModuleManager: Shutting down and abandoning module AndroidPlatformEditor (516)
[2018.08.30-07.16.35:545][518]LogModuleManager: Shutting down and abandoning module AndroidDeviceDetection (515)
[2018.08.30-07.16.35:681][518]LogModuleManager: Shutting down and abandoning module WindowsPlatformEditor (512)
[2018.08.30-07.16.35:681][518]LogModuleManager: Shutting down and abandoning module LuminRuntimeSettings (510)
[2018.08.30-07.16.35:681][518]LogModuleManager: Shutting down and abandoning module IOSRuntimeSettings (508)
[2018.08.30-07.16.35:681][518]LogModuleManager: Shutting down and abandoning module AndroidRuntimeSettings (506)
[2018.08.30-07.16.35:681][518]LogModuleManager: Shutting down and abandoning module InputBindingEditor (504)
[2018.08.30-07.16.35:681][518]LogModuleManager: Shutting down and abandoning module MergeActors (502)
[2018.08.30-07.16.35:682][518]LogModuleManager: Shutting down and abandoning module LocalizationDashboard (500)
[2018.08.30-07.16.35:682][518]LogModuleManager: Shutting down and abandoning module LocalizationService (499)
[2018.08.30-07.16.35:682][518]LogModuleManager: Shutting down and abandoning module HardwareTargeting (496)
[2018.08.30-07.16.35:682][518]LogModuleManager: Shutting down and abandoning module DeviceProfileEditor (494)
[2018.08.30-07.16.35:682][518]LogModuleManager: Shutting down and abandoning module UndoHistory (492)
[2018.08.30-07.16.35:682][518]LogModuleManager: Shutting down and abandoning module XmlParser (490)
[2018.08.30-07.16.35:682][518]LogModuleManager: Shutting down and abandoning module Blutility (488)
[2018.08.30-07.16.35:682][518]LogModuleManager: Shutting down and abandoning module ProjectSettingsViewer (486)
[2018.08.30-07.16.35:682][518]LogModuleManager: Shutting down and abandoning module ProjectTargetPlatformEditor (485)
[2018.08.30-07.16.35:682][518]LogModuleManager: Shutting down and abandoning module EditorSettingsViewer (482)
[2018.08.30-07.16.35:682][518]LogModuleManager: Shutting down and abandoning module SettingsEditor (480)
[2018.08.30-07.16.35:683][518]LogModuleManager: Shutting down and abandoning module ProjectLauncher (478)
[2018.08.30-07.16.35:683][518]LogModuleManager: Shutting down and abandoning module SessionFrontend (476)
[2018.08.30-07.16.35:683][518]LogModuleManager: Shutting down and abandoning module ProfilerClient (474)
[2018.08.30-07.16.35:684][518]LogModuleManager: Shutting down and abandoning module DeviceManager (472)
[2018.08.30-07.16.35:684][518]LogModuleManager: Shutting down and abandoning module TargetDeviceServices (471)
[2018.08.30-07.16.35:739][518]LogModuleManager: Shutting down and abandoning module AutomationController (468)
[2018.08.30-07.16.35:739][518]LogModuleManager: Shutting down and abandoning module AutomationWindow (466)
[2018.08.30-07.16.35:739][518]LogModuleManager: Shutting down and abandoning module Layers (464)
[2018.08.30-07.16.35:741][518]LogModuleManager: Shutting down and abandoning module ComponentVisualizers (462)
[2018.08.30-07.16.35:741][518]LogModuleManager: Shutting down and abandoning module DetailCustomizations (460)
[2018.08.30-07.16.35:741][518]LogModuleManager: Shutting down and abandoning module PackagesDialog (458)
[2018.08.30-07.16.35:743][518]LogModuleManager: Shutting down and abandoning module Persona (456)
[2018.08.30-07.16.35:743][518]LogModuleManager: Shutting down and abandoning module AdvancedPreviewScene (455)
[2018.08.30-07.16.35:743][518]LogModuleManager: Shutting down and abandoning module AnimGraph (453)
[2018.08.30-07.16.35:743][518]LogModuleManager: Shutting down and abandoning module Kismet (450)
[2018.08.30-07.16.35:745][518]LogModuleManager: Shutting down and abandoning module GraphEditor (448)
[2018.08.30-07.16.35:747][518]LogModuleManager: Shutting down and abandoning module ClassViewer (446)
[2018.08.30-07.16.35:748][518]LogModuleManager: Shutting down and abandoning module Toolbox (444)
[2018.08.30-07.16.35:748][518]LogModuleManager: Shutting down and abandoning module ModuleUI (442)
[2018.08.30-07.16.35:748][518]LogModuleManager: Shutting down and abandoning module MovieSceneTools (440)
[2018.08.30-07.16.35:748][518]LogModuleManager: Shutting down and abandoning module OutputLog (438)
[2018.08.30-07.16.35:748][518]LogModuleManager: Shutting down and abandoning module GammaUI (436)
[2018.08.30-07.16.35:749][518]LogModuleManager: Shutting down and abandoning module Documentation (434)
[2018.08.30-07.16.35:749][518]LogModuleManager: Shutting down and abandoning module MovieSceneTracks (432)
[2018.08.30-07.16.35:749][518]LogModuleManager: Shutting down and abandoning module MovieScene (430)
[2018.08.30-07.16.35:749][518]LogModuleManager: Shutting down and abandoning module StreamingPauseRendering (428)
[2018.08.30-07.16.35:749][518]LogModuleManager: Shutting down and abandoning module LauncherPlatform (426)
[2018.08.30-07.16.35:749][518]LogModuleManager: Shutting down and abandoning module AnalyticsET (424)
[2018.08.30-07.16.35:749][518]LogModuleManager: Shutting down and abandoning module PortalServices (422)
[2018.08.30-07.16.35:749][518]LogModuleManager: Shutting down and abandoning module PortalRpc (420)
[2018.08.30-07.16.35:749][518]LogModuleManager: Shutting down and abandoning module MessagingRpc (418)
[2018.08.30-07.16.35:749][518]LogModuleManager: Shutting down and abandoning module AIModule (416)
[2018.08.30-07.16.35:749][518]LogModuleManager: Shutting down and abandoning module GameplayDebugger (415)
[2018.08.30-07.16.35:749][518]LogModuleManager: Shutting down and abandoning module AITestSuite (413)
[2018.08.30-07.16.35:749][518]LogModuleManager: Shutting down and abandoning module NavigationSystem (411)
[2018.08.30-07.16.35:749][518]LogModuleManager: Shutting down and abandoning module DesktopPlatform (408)
[2018.08.30-07.16.35:749][518]LogModuleManager: Shutting down and abandoning module ProfilerService (406)
[2018.08.30-07.16.35:870][518]LogModuleManager: Shutting down and abandoning module TaskGraph (404)
[2018.08.30-07.16.35:870][518]LogModuleManager: Shutting down and abandoning module SteamVRController (402)
[2018.08.30-07.16.35:870][518]LogModuleManager: Shutting down and abandoning module ProceduralMeshComponentEditor (400)
[2018.08.30-07.16.35:870][518]LogModuleManager: Shutting down and abandoning module ProceduralMeshComponent (398)
[2018.08.30-07.16.35:870][518]LogModuleManager: Shutting down and abandoning module OculusInput (396)
[2018.08.30-07.16.35:870][518]LogModuleManager: Shutting down and abandoning module MobilePatchingUtils (394)
[2018.08.30-07.16.35:871][518]LogModuleManager: Shutting down and abandoning module EditableMesh (392)
[2018.08.30-07.16.35:871][518]LogModuleManager: Shutting down and abandoning module CustomMeshComponent (390)
[2018.08.30-07.16.35:871][518]LogModuleManager: Shutting down and abandoning module CableComponent (388)
[2018.08.30-07.16.35:871][518]LogModuleManager: Shutting down and abandoning module AudioCapture (386)
[2018.08.30-07.16.35:871][518]LogModuleManager: Shutting down and abandoning module ArchVisCharacter (384)
[2018.08.30-07.16.35:871][518]LogModuleManager: Shutting down and abandoning module AndroidPermission (382)
[2018.08.30-07.16.35:871][518]LogModuleManager: Shutting down and abandoning module NUTUnrealEngine4 (380)
[2018.08.30-07.16.35:872][518]LogModuleManager: Shutting down and abandoning module NetcodeUnitTest (378)
[2018.08.30-07.16.35:872][518]LogModuleManager: Shutting down and abandoning module MediaCompositingEditor (376)
[2018.08.30-07.16.35:872][518]LogModuleManager: Shutting down and abandoning module MediaCompositing (374)
[2018.08.30-07.16.35:873][518]LogModuleManager: Shutting down and abandoning module LinearTimecode (372)
[2018.08.30-07.16.35:873][518]LogModuleManager: Shutting down and abandoning module ImgMedia (370)
[2018.08.30-07.16.35:884][518]LogModuleManager: Shutting down and abandoning module HTML5Networking (368)
[2018.08.30-07.16.35:884][518]LogModuleManager: Shutting down and abandoning module GeometryCacheTracks (366)
[2018.08.30-07.16.35:884][518]LogModuleManager: Shutting down and abandoning module GeometryCacheSequencer (364)
[2018.08.30-07.16.35:884][518]LogModuleManager: Shutting down and abandoning module BackChannel (362)
[2018.08.30-07.16.35:884][518]LogModuleManager: Shutting down and abandoning module AppleVision (360)
[2018.08.30-07.16.35:884][518]LogModuleManager: Shutting down and abandoning module AppleImageUtils (358)
[2018.08.30-07.16.35:885][518]LogModuleManager: Shutting down and abandoning module AlembicImporter (356)
[2018.08.30-07.16.35:885][518]LogModuleManager: Shutting down and abandoning module AlembicLibrary (355)
[2018.08.30-07.16.35:885][518]LogModuleManager: Shutting down and abandoning module GeometryCache (354)
[2018.08.30-07.16.35:885][518]LogModuleManager: Shutting down and abandoning module GeometryCacheEd (353)
[2018.08.30-07.16.35:885][518]LogModuleManager: Shutting down and abandoning module DatasmithContentEditor (348)
[2018.08.30-07.16.35:885][518]LogModuleManager: Shutting down and abandoning module DatasmithContent (346)
[2018.08.30-07.16.35:886][518]LogModuleManager: Shutting down and abandoning module SpeedTreeImporter (344)
[2018.08.30-07.16.35:886][518]LogModuleManager: Shutting down and abandoning module PluginBrowser (342)
[2018.08.30-07.16.35:886][518]LogModuleManager: Shutting down and abandoning module MobileLauncherProfileWizard (340)
[2018.08.30-07.16.35:886][518]LogModuleManager: Shutting down and abandoning module PolygonModeling (338)
[2018.08.30-07.16.35:887][518]LogModuleManager: Shutting down and abandoning module MeshEditor (336)
[2018.08.30-07.16.35:887][518]LogModuleManager: Shutting down and abandoning module CryptoKeysOpenSSL (334)
[2018.08.30-07.16.35:887][518]LogModuleManager: Shutting down and abandoning module CryptoKeys (332)
[2018.08.30-07.16.35:887][518]LogModuleManager: Shutting down and abandoning module VisualStudioSourceCodeAccess (330)
[2018.08.30-07.16.35:887][518]LogModuleManager: Shutting down and abandoning module VisualStudioCodeSourceCodeAccess (328)
[2018.08.30-07.16.35:887][518]LogModuleManager: Shutting down and abandoning module UObjectPlugin (326)
[2018.08.30-07.16.35:887][518]LogModuleManager: Shutting down and abandoning module SubversionSourceControl (324)
[2018.08.30-07.16.35:887][518]LogModuleManager: Shutting down and abandoning module PerforceSourceControl (322)
[2018.08.30-07.16.35:888][518]LogModuleManager: Shutting down and abandoning module GitSourceControl (320)
[2018.08.30-07.16.35:888][518]LogModuleManager: Shutting down and abandoning module SourceControl (319)
[2018.08.30-07.16.35:888][518]LogModuleManager: Shutting down and abandoning module CLionSourceCodeAccess (316)
[2018.08.30-07.16.35:888][518]LogModuleManager: Shutting down and abandoning module LightPropagationVolumeEditor (314)
[2018.08.30-07.16.35:888][518]LogModuleManager: Shutting down and abandoning module PaperTiledImporter (312)
[2018.08.30-07.16.35:888][518]LogModuleManager: Shutting down and abandoning module PaperSpriteSheetImporter (310)
[2018.08.30-07.16.35:888][518]LogModuleManager: Shutting down and abandoning module Paper2DEditor (308)
[2018.08.30-07.16.35:889][518]LogModuleManager: Shutting down and abandoning module MeshPaint (307)
[2018.08.30-07.16.35:889][518]LogModuleManager: Shutting down and abandoning module VictoryBPLibrary (304)
[2018.08.30-07.16.35:889][518]LogModuleManager: Shutting down and abandoning module RuntimePhysXCooking (302)
[2018.08.30-07.16.35:890][518]LogModuleManager: Shutting down and abandoning module PhysXVehiclesEditor (300)
[2018.08.30-07.16.35:890][518]LogModuleManager: Shutting down and abandoning module PhysXVehicles (298)
[2018.08.30-07.16.35:890][518]LogModuleManager: Shutting down and abandoning module OculusEditor (296)
[2018.08.30-07.16.35:890][518]LogModuleManager: Shutting down and abandoning module LocationServicesBPLibrary (294)
[2018.08.30-07.16.35:890][518]LogModuleManager: Shutting down and abandoning module ImmediatePhysicsEditor (292)
[2018.08.30-07.16.35:890][518]LogModuleManager: Shutting down and abandoning module ImmediatePhysics (290)
[2018.08.30-07.16.35:890][518]LogModuleManager: Shutting down and abandoning module ApexDestructionEditor (288)
[2018.08.30-07.16.35:891][518]LogModuleManager: Shutting down and abandoning module ApexDestruction (286)
[2018.08.30-07.16.35:891][518]LogModuleManager: Shutting down and abandoning module ActorSequence (284)
[2018.08.30-07.16.35:891][518]LogModuleManager: Shutting down and abandoning module UdpMessaging (282)
[2018.08.30-07.16.35:992][518]LogModuleManager: Shutting down and abandoning module TcpMessaging (280)
[2018.08.30-07.16.36:092][518]LogModuleManager: Shutting down and abandoning module MagicLeapAudio (278)
[2018.08.30-07.16.36:092][518]LogModuleManager: Shutting down and abandoning module GameplayTagsEditor (276)
[2018.08.30-07.16.36:092][518]LogModuleManager: Shutting down and abandoning module FacialAnimationEditor (274)
[2018.08.30-07.16.36:092][518]LogModuleManager: Shutting down and abandoning module FacialAnimation (272)
[2018.08.30-07.16.36:093][518]LogModuleManager: Shutting down and abandoning module DataValidation (270)
[2018.08.30-07.16.36:093][518]LogModuleManager: Shutting down and abandoning module AssetManagerEditor (268)
[2018.08.30-07.16.36:094][518]LogModuleManager: Shutting down and abandoning module LevelEditor (267)
[2018.08.30-07.16.36:095][518]LogModuleManager: Shutting down and abandoning module PixelInspectorModule (266)
[2018.08.30-07.16.36:096][518]LogModuleManager: Shutting down and abandoning module CommonMenuExtensions (264)
[2018.08.30-07.16.36:096][518]LogModuleManager: Shutting down and abandoning module MainFrame (262)
[2018.08.30-07.16.36:096][518]LogModuleManager: Shutting down and abandoning module HotReload (261)
[2018.08.30-07.16.36:097][518]LogModuleManager: Shutting down and abandoning module ContentBrowser (257)
[2018.08.30-07.16.36:100][518]LogModuleManager: Shutting down and abandoning module TreeMap (255)
[2018.08.30-07.16.36:100][518]LogModuleManager: Shutting down and abandoning module LightPropagationVolumeRuntime (252)
[2018.08.30-07.16.36:100][518]LogModuleManager: Shutting down and abandoning module AISupportModule (250)
[2018.08.30-07.16.36:100][518]LogModuleManager: Shutting down and abandoning module Paper2D (248)
[2018.08.30-07.16.36:100][518]LogModuleManager: Shutting down and abandoning module WindowsMoviePlayer (246)
[2018.08.30-07.16.36:100][518]LogModuleManager: Shutting down and abandoning module WmfMedia (244)
[2018.08.30-07.16.36:103][518]LogModuleManager: Shutting down and abandoning module Media (243)
[2018.08.30-07.16.36:111][518]LogModuleManager: Shutting down and abandoning module PacketHandler (240)
[2018.08.30-07.16.36:112][518]LogModuleManager: Shutting down and abandoning module ClothingSystemEditor (238)
[2018.08.30-07.16.36:112][518]LogModuleManager: Shutting down and abandoning module ClothingSystemRuntime (236)
[2018.08.30-07.16.36:112][518]LogModuleManager: Shutting down and abandoning module MediaAssets (234)
[2018.08.30-07.16.36:112][518]LogModuleManager: Shutting down and abandoning module Overlay (232)
[2018.08.30-07.16.36:112][518]LogModuleManager: Shutting down and abandoning module OverlayEditor (231)
[2018.08.30-07.16.36:112][518]LogModuleManager: Shutting down and abandoning module VREditor (228)
[2018.08.30-07.16.36:113][518]LogModuleManager: Shutting down and abandoning module StringTableEditor (226)
[2018.08.30-07.16.36:113][518]LogModuleManager: Shutting down and abandoning module GameplayTasksEditor (224)
[2018.08.30-07.16.36:113][518]LogModuleManager: Shutting down and abandoning module BehaviorTreeEditor (222)
[2018.08.30-07.16.36:114][518]LogModuleManager: Shutting down and abandoning module FunctionalTesting (220)
[2018.08.30-07.16.36:114][518]LogModuleManager: Shutting down and abandoning module CollisionAnalyzer (218)
[2018.08.30-07.16.36:114][518]LogModuleManager: Shutting down and abandoning module WorkspaceMenuStructure (217)
[2018.08.30-07.16.36:115][518]LogModuleManager: Shutting down and abandoning module UMG (214)
[2018.08.30-07.16.36:115][518]LogModuleManager: Shutting down and abandoning module UMGEditor (213)
[2018.08.30-07.16.36:115][518]LogModuleManager: Shutting down and abandoning module Sequencer (212)
[2018.08.30-07.16.36:118][518]LogModuleManager: Shutting down and abandoning module MessageLog (209)
[2018.08.30-07.16.36:118][518]LogModuleManager: Shutting down and abandoning module SlateReflector (204)
[2018.08.30-07.16.36:119][518]LogModuleManager: Shutting down and abandoning module Slate (202)
[2018.08.30-07.16.36:119][518]LogModuleManager: Shutting down and abandoning module EditorStyle (200)
[2018.08.30-07.16.36:124][518]LogModuleManager: Shutting down and abandoning module MRMesh (198)
[2018.08.30-07.16.36:124][518]LogModuleManager: Shutting down and abandoning module SourceCodeAccess (196)
[2018.08.30-07.16.36:124][518]LogModuleManager: Shutting down and abandoning module HeadMountedDisplay (194)
[2018.08.30-07.16.36:124][518]LogModuleManager: Shutting down and abandoning module XAudio2 (192)
[2018.08.30-07.16.36:124][518]LogModuleManager: Shutting down and abandoning module Networking (190)
[2018.08.30-07.16.36:124][518]LogModuleManager: Shutting down and abandoning module Core (188)
[2018.08.30-07.16.36:125][518]LogModuleManager: Shutting down and abandoning module LevelSequence (186)
[2018.08.30-07.16.36:125][518]LogModuleManager: Shutting down and abandoning module KismetCompiler (184)
[2018.08.30-07.16.36:125][518]LogModuleManager: Shutting down and abandoning module MeshUtilities (182)
[2018.08.30-07.16.36:125][518]LogModuleManager: Shutting down and abandoning module MeshMergeUtilities (181)
[2018.08.30-07.16.36:125][518]LogModuleManager: Shutting down and abandoning module MeshReductionInterface (180)
[2018.08.30-07.16.36:125][518]LogModuleManager: Shutting down and abandoning module SimplygonSwarm (179)
[2018.08.30-07.16.36:125][518]LogModuleManager: Shutting down and abandoning module ProxyLODMeshReduction (177)
[2018.08.30-07.16.36:127][518]LogModuleManager: Shutting down and abandoning module SimplygonMeshReduction (175)
[2018.08.30-07.16.36:127][518]LogModuleManager: Shutting down and abandoning module QuadricMeshReduction (173)
[2018.08.30-07.16.36:128][518]LogModuleManager: Shutting down and abandoning module MaterialBaking (169)
[2018.08.30-07.16.36:128][518]LogModuleManager: Shutting down and abandoning module DirectoryWatcher (165)
[2018.08.30-07.16.36:128][518]LogModuleManager: Shutting down and abandoning module DerivedDataCache (162)
[2018.08.30-07.16.36:482][518]LogDerivedDataCache: Shutdown
[2018.08.30-07.16.36:482][518]LogModuleManager: Shutting down and abandoning module XGEController (160)
[2018.08.30-07.16.36:482][518]LogXGEController: Cleaning working directory: C:/Users/Safir/AppData/Local/Temp/UnrealXGEWorkingDir/
[2018.08.30-07.16.36:482][518]LogModuleManager: Shutting down and abandoning module TargetPlatform (158)
[2018.08.30-07.16.36:482][518]LogModuleManager: Shutting down and abandoning module VulkanShaderFormat (157)
[2018.08.30-07.16.36:482][518]LogModuleManager: Shutting down and abandoning module ShaderFormatVectorVM (155)
[2018.08.30-07.16.36:482][518]LogModuleManager: Shutting down and abandoning module ShaderFormatOpenGL (153)
[2018.08.30-07.16.36:483][518]LogModuleManager: Shutting down and abandoning module ShaderFormatD3D (151)
[2018.08.30-07.16.36:483][518]LogModuleManager: Shutting down and abandoning module MetalShaderFormat (149)
[2018.08.30-07.16.36:484][518]LogModuleManager: Shutting down and abandoning module TextureFormatUncompressed (147)
[2018.08.30-07.16.36:484][518]LogModuleManager: Shutting down and abandoning module TextureFormatPVR (145)
[2018.08.30-07.16.36:484][518]LogModuleManager: Shutting down and abandoning module TextureFormatDXT (143)
[2018.08.30-07.16.36:484][518]LogModuleManager: Shutting down and abandoning module TextureFormatIntelISPCTexComp (141)
[2018.08.30-07.16.36:485][518]LogModuleManager: Shutting down and abandoning module TextureFormatASTC (139)
[2018.08.30-07.16.36:485][518]LogModuleManager: Shutting down and abandoning module ImageWrapper (138)
[2018.08.30-07.16.36:485][518]LogModuleManager: Shutting down and abandoning module TextureFormatAndroid (135)
[2018.08.30-07.16.36:485][518]LogModuleManager: Shutting down and abandoning module AudioFormatOpus (133)
[2018.08.30-07.16.36:485][518]LogModuleManager: Shutting down and abandoning module AudioFormatOgg (131)
[2018.08.30-07.16.36:485][518]LogModuleManager: Shutting down and abandoning module AudioFormatADPCM (129)
[2018.08.30-07.16.36:485][518]LogModuleManager: Shutting down and abandoning module LuminTargetPlatform (127)
[2018.08.30-07.16.36:485][518]LogModuleManager: Shutting down and abandoning module LinuxTargetPlatform (125)
[2018.08.30-07.16.36:485][518]LogModuleManager: Shutting down and abandoning module LinuxServerTargetPlatform (123)
[2018.08.30-07.16.36:485][518]LogModuleManager: Shutting down and abandoning module LinuxNoEditorTargetPlatform (121)
[2018.08.30-07.16.36:485][518]LogModuleManager: Shutting down and abandoning module LinuxClientTargetPlatform (119)
[2018.08.30-07.16.36:485][518]LogModuleManager: Shutting down and abandoning module TVOSTargetPlatform (117)
[2018.08.30-07.16.36:487][518]LogModuleManager: Shutting down and abandoning module Messaging (115)
[2018.08.30-07.16.36:487][518]LogModuleManager: Shutting down and abandoning module IOSTargetPlatform (113)
[2018.08.30-07.16.36:489][518]LogModuleManager: Shutting down and abandoning module HTML5TargetPlatform (111)
[2018.08.30-07.16.36:489][518]LogModuleManager: Shutting down and abandoning module AndroidTargetPlatform (109)
[2018.08.30-07.16.36:507][518]LogModuleManager: Shutting down and abandoning module WindowsTargetPlatform (107)
[2018.08.30-07.16.36:507][518]LogModuleManager: Shutting down and abandoning module WindowsServerTargetPlatform (105)
[2018.08.30-07.16.36:507][518]LogModuleManager: Shutting down and abandoning module WindowsNoEditorTargetPlatform (103)
[2018.08.30-07.16.36:507][518]LogModuleManager: Shutting down and abandoning module WindowsClientTargetPlatform (101)
[2018.08.30-07.16.36:507][518]LogModuleManager: Shutting down and abandoning module MacTargetPlatform (99)
[2018.08.30-07.16.36:507][518]LogModuleManager: Shutting down and abandoning module MacServerTargetPlatform (97)
[2018.08.30-07.16.36:507][518]LogModuleManager: Shutting down and abandoning module MacNoEditorTargetPlatform (95)
[2018.08.30-07.16.36:507][518]LogModuleManager: Shutting down and abandoning module MacClientTargetPlatform (93)
[2018.08.30-07.16.36:507][518]LogModuleManager: Shutting down and abandoning module AllDesktopTargetPlatform (91)
[2018.08.30-07.16.36:507][518]LogModuleManager: Shutting down and abandoning module InputCore (88)
[2018.08.30-07.16.36:508][518]LogModuleManager: Shutting down and abandoning module Settings (86)
[2018.08.30-07.16.36:508][518]LogModuleManager: Shutting down and abandoning module PhysXCooking (84)
[2018.08.30-07.16.36:508][518]LogModuleManager: Shutting down and abandoning module SteamVR (82)
[2018.08.30-07.16.36:508][518]LogModuleManager: Shutting down and abandoning module OculusHMD (80)
[2018.08.30-07.16.36:508][518]LogModuleManager: Shutting down and abandoning module ExampleDeviceProfileSelector (78)
[2018.08.30-07.16.36:508][518]LogModuleManager: Shutting down and abandoning module LauncherChunkInstaller (76)
[2018.08.30-07.16.36:508][518]LogModuleManager: Shutting down and abandoning module OnlineBlueprintSupport (74)
[2018.08.30-07.16.36:508][518]LogModuleManager: Shutting down and abandoning module OnlineSubsystem (70)
[2018.08.30-07.16.36:510][518]LogModuleManager: Shutting down and abandoning module XMPP (65)
[2018.08.30-07.16.36:511][518]LogModuleManager: Shutting down and abandoning module WebSockets (64)
[2018.08.30-07.16.36:529][518]LogModuleManager: Shutting down and abandoning module HTTP (61)
[2018.08.30-07.16.36:529][518]LogHttp: Display: Http module shutting down, but needs to wait on 1 outstanding Http requests:
[2018.08.30-07.16.36:529][518]LogHttp: Display: 	verb=[POST] url=[https://datarouter.ol.epicgames.com/datarouter/api/v1/public/data?SessionID=%7B5A78300E-4DC1-5D01-6162-DD8BC8BE7D42%7D&AppID=UEEditor.Rocket.Release&AppVersion=4.20.2-4302132%2B%2B%2BUE4%2BRelease-4.20&UserID=c0a439c349b6248caa10c990bcb8c1ad%7Cce2b1295b7ef4090a80ebd934e3ea2c7%7C2903d214-3d28-48c9-809a-58219d10d4f3&AppEnvironment=datacollector-binary&UploadType=eteventstream] status=Processing
[2018.08.30-07.16.36:559][518]LogModuleManager: Shutting down and abandoning module SSL (60)
[2018.08.30-07.16.36:561][518]LogModuleManager: Shutting down and abandoning module MagicLeapEmulator (56)
[2018.08.30-07.16.36:561][518]LogModuleManager: Shutting down and abandoning module MagicLeapPrivileges (54)
[2018.08.30-07.16.36:562][518]LogModuleManager: Shutting down and abandoning module MagicLeapIdentity (52)
[2018.08.30-07.16.36:562][518]LogModuleManager: Shutting down and abandoning module MagicLeapHelperVulkan (50)
[2018.08.30-07.16.36:562][518]LogModuleManager: Shutting down and abandoning module MagicLeapHelperOpenGL (48)
[2018.08.30-07.16.36:562][518]LogModuleManager: Shutting down and abandoning module MagicLeapSecureStorage (46)
[2018.08.30-07.16.36:562][518]LogModuleManager: Shutting down and abandoning module MagicLeapGestures (44)
[2018.08.30-07.16.36:562][518]LogModuleManager: Shutting down and abandoning module MagicLeapEyeTracker (42)
[2018.08.30-07.16.36:562][518]LogModuleManager: Shutting down and abandoning module MagicLeapController (40)
[2018.08.30-07.16.36:562][518]LogSlate: Slate User Destroyed.  User Index 0, Is Virtual User: 0
[2018.08.30-07.16.36:562][518]LogModuleManager: Shutting down and abandoning module MagicLeap (38)
[2018.08.30-07.16.36:562][518]LogModuleManager: Shutting down and abandoning module AnimationModifiers (36)
[2018.08.30-07.16.36:563][518]LogModuleManager: Shutting down and abandoning module PropertyEditor (35)
[2018.08.30-07.16.36:564][518]LogModuleManager: Shutting down and abandoning module AudioEditor (32)
[2018.08.30-07.16.36:564][518]LogModuleManager: Shutting down and abandoning module TextureCompressor (30)
[2018.08.30-07.16.36:565][518]LogModuleManager: Shutting down and abandoning module ShaderCore (28)
[2018.08.30-07.16.36:565][518]LogModuleManager: Shutting down and abandoning module Landscape (26)
[2018.08.30-07.16.36:565][518]LogModuleManager: Shutting down and abandoning module SlateRHIRenderer (24)
[2018.08.30-07.16.36:566][518]LogModuleManager: Shutting down and abandoning module OpenGLDrv (22)
[2018.08.30-07.16.36:567][518]LogModuleManager: Shutting down and abandoning module D3D11RHI (20)
[2018.08.30-07.16.36:567][518]LogModuleManager: Shutting down and abandoning module AnimGraphRuntime (18)
[2018.08.30-07.16.36:567][518]LogModuleManager: Shutting down and abandoning module Renderer (16)
[2018.08.30-07.16.36:567][518]LogModuleManager: Shutting down and abandoning module Engine (14)
[2018.08.30-07.16.36:567][518]LogModuleManager: Shutting down and abandoning module CoreUObject (12)
[2018.08.30-07.16.36:567][518]LogModuleManager: Shutting down and abandoning module NetworkFile (10)
[2018.08.30-07.16.36:567][518]LogModuleManager: Shutting down and abandoning module CookedIterativeFile (8)
[2018.08.30-07.16.36:567][518]LogModuleManager: Shutting down and abandoning module StreamingFile (6)
[2018.08.30-07.16.36:567][518]LogModuleManager: Shutting down and abandoning module SandboxFile (4)
[2018.08.30-07.16.36:567][518]LogModuleManager: Shutting down and abandoning module PakFile (2)
[2018.08.30-07.16.36:574][518]LogExit: Exiting.
[2018.08.30-07.16.36:615][518]Log file closed, 08/30/18 11:46:36
